[0.062s] DEBUG:colcon:Command line arguments: ['/usr/bin/colcon', 'build']
[0.062s] DEBUG:colcon:Parsed command line arguments: Namespace(log_base=None, log_level=None, verb_name='build', build_base='build', install_base='install', merge_install=False, symlink_install=False, test_result_base=None, continue_on_error=False, executor='parallel', parallel_workers=16, event_handlers=None, ignore_user_meta=False, metas=['./colcon.meta'], base_paths=['.'], packages_ignore=None, packages_ignore_regex=None, paths=None, packages_up_to=None, packages_up_to_regex=None, packages_above=None, packages_above_and_dependencies=None, packages_above_depth=None, packages_select_by_dep=None, packages_skip_by_dep=None, packages_skip_up_to=None, packages_select_build_failed=False, packages_skip_build_finished=False, packages_select_test_failures=False, packages_skip_test_passed=False, packages_select=None, packages_skip=None, packages_select_regex=None, packages_skip_regex=None, packages_start=None, packages_end=None, allow_overriding=[], cmake_args=None, cmake_target=None, cmake_target_skip_unavailable=False, cmake_clean_cache=False, cmake_clean_first=False, cmake_force_configure=False, ament_cmake_args=None, catkin_cmake_args=None, catkin_skip_building_tests=False, verb_parser=<colcon_defaults.argument_parser.defaults.DefaultArgumentsDecorator object at 0x700827819a20>, verb_extension=<colcon_core.verb.build.BuildVerb object at 0x700827818be0>, main=<bound method BuildVerb.main of <colcon_core.verb.build.BuildVerb object at 0x700827818be0>>)
[0.085s] Level 1:colcon.colcon_core.package_discovery:discover_packages(colcon_meta) check parameters
[0.085s] Level 1:colcon.colcon_core.package_discovery:discover_packages(recursive) check parameters
[0.085s] Level 1:colcon.colcon_core.package_discovery:discover_packages(ignore) check parameters
[0.085s] Level 1:colcon.colcon_core.package_discovery:discover_packages(path) check parameters
[0.085s] Level 1:colcon.colcon_core.package_discovery:discover_packages(colcon_meta) discover
[0.085s] Level 1:colcon.colcon_core.package_discovery:discover_packages(recursive) discover
[0.085s] INFO:colcon.colcon_core.package_discovery:Crawling recursively for packages in '/home/trg/Turtlebot3_ppo_demo/src'
[0.085s] Level 1:colcon.colcon_core.package_identification:_identify(.) by extensions ['ignore', 'ignore_ament_install']
[0.085s] Level 1:colcon.colcon_core.package_identification:_identify(.) by extension 'ignore'
[0.085s] Level 1:colcon.colcon_core.package_identification:_identify(.) by extension 'ignore_ament_install'
[0.085s] Level 1:colcon.colcon_core.package_identification:_identify(.) by extensions ['colcon_pkg']
[0.085s] Level 1:colcon.colcon_core.package_identification:_identify(.) by extension 'colcon_pkg'
[0.085s] Level 1:colcon.colcon_core.package_identification:_identify(.) by extensions ['colcon_meta']
[0.085s] Level 1:colcon.colcon_core.package_identification:_identify(.) by extension 'colcon_meta'
[0.085s] Level 1:colcon.colcon_core.package_identification:_identify(.) by extensions ['ros']
[0.085s] Level 1:colcon.colcon_core.package_identification:_identify(.) by extension 'ros'
[0.094s] Level 1:colcon.colcon_core.package_identification:_identify(.) by extensions ['cmake', 'python']
[0.094s] Level 1:colcon.colcon_core.package_identification:_identify(.) by extension 'cmake'
[0.094s] Level 1:colcon.colcon_core.package_identification:_identify(.) by extension 'python'
[0.094s] Level 1:colcon.colcon_core.package_identification:_identify(.) by extensions ['python_setup_py']
[0.094s] Level 1:colcon.colcon_core.package_identification:_identify(.) by extension 'python_setup_py'
[0.094s] Level 1:colcon.colcon_core.package_identification:_identify(build) by extensions ['ignore', 'ignore_ament_install']
[0.094s] Level 1:colcon.colcon_core.package_identification:_identify(build) by extension 'ignore'
[0.095s] Level 1:colcon.colcon_core.package_identification:_identify(build) ignored
[0.095s] Level 1:colcon.colcon_core.package_identification:_identify(install) by extensions ['ignore', 'ignore_ament_install']
[0.095s] Level 1:colcon.colcon_core.package_identification:_identify(install) by extension 'ignore'
[0.095s] Level 1:colcon.colcon_core.package_identification:_identify(install) ignored
[0.095s] Level 1:colcon.colcon_core.package_identification:_identify(log) by extensions ['ignore', 'ignore_ament_install']
[0.095s] Level 1:colcon.colcon_core.package_identification:_identify(log) by extension 'ignore'
[0.095s] Level 1:colcon.colcon_core.package_identification:_identify(log) ignored
[0.095s] Level 1:colcon.colcon_core.package_identification:_identify(turtlebot3_ppo) by extensions ['ignore', 'ignore_ament_install']
[0.095s] Level 1:colcon.colcon_core.package_identification:_identify(turtlebot3_ppo) by extension 'ignore'
[0.095s] Level 1:colcon.colcon_core.package_identification:_identify(turtlebot3_ppo) by extension 'ignore_ament_install'
[0.095s] Level 1:colcon.colcon_core.package_identification:_identify(turtlebot3_ppo) by extensions ['colcon_pkg']
[0.095s] Level 1:colcon.colcon_core.package_identification:_identify(turtlebot3_ppo) by extension 'colcon_pkg'
[0.095s] Level 1:colcon.colcon_core.package_identification:_identify(turtlebot3_ppo) by extensions ['colcon_meta']
[0.095s] Level 1:colcon.colcon_core.package_identification:_identify(turtlebot3_ppo) by extension 'colcon_meta'
[0.095s] Level 1:colcon.colcon_core.package_identification:_identify(turtlebot3_ppo) by extensions ['ros']
[0.095s] Level 1:colcon.colcon_core.package_identification:_identify(turtlebot3_ppo) by extension 'ros'
[0.096s] DEBUG:colcon.colcon_core.package_identification:Package 'turtlebot3_ppo' with type 'ros.ament_python' and name 'turtlebot3_ppo'
[0.097s] Level 1:colcon.colcon_core.package_discovery:discover_packages(recursive) using defaults
[0.097s] Level 1:colcon.colcon_core.package_discovery:discover_packages(ignore) discover
[0.097s] Level 1:colcon.colcon_core.package_discovery:discover_packages(ignore) using defaults
[0.097s] Level 1:colcon.colcon_core.package_discovery:discover_packages(path) discover
[0.097s] Level 1:colcon.colcon_core.package_discovery:discover_packages(path) using defaults
[0.109s] Level 1:colcon.colcon_core.package_discovery:discover_packages(prefix_path) check parameters
[0.109s] Level 1:colcon.colcon_core.package_discovery:discover_packages(prefix_path) discover
[0.110s] DEBUG:colcon.colcon_installed_package_information.package_discovery:Found 0 installed packages in /home/trg/Turtlebot3_ppo_demo/install
[0.110s] DEBUG:colcon.colcon_installed_package_information.package_discovery:Found 1 installed packages in /home/trg/ros2-vicon-receiver/install
[0.110s] DEBUG:colcon.colcon_installed_package_information.package_discovery:Found 11 installed packages in /home/trg/turtlebot3_ws/install
[0.111s] DEBUG:colcon.colcon_installed_package_information.package_discovery:Found 6 installed packages in /home/trg/turtlebot3-classic/install
[0.112s] DEBUG:colcon.colcon_installed_package_information.package_discovery:Found 399 installed packages in /opt/ros/humble
[0.113s] Level 1:colcon.colcon_core.package_discovery:discover_packages(prefix_path) using defaults
[0.141s] Level 5:colcon.colcon_core.verb:set package 'turtlebot3_ppo' build argument 'cmake_args' from command line to 'None'
[0.141s] Level 5:colcon.colcon_core.verb:set package 'turtlebot3_ppo' build argument 'cmake_target' from command line to 'None'
[0.141s] Level 5:colcon.colcon_core.verb:set package 'turtlebot3_ppo' build argument 'cmake_target_skip_unavailable' from command line to 'False'
[0.141s] Level 5:colcon.colcon_core.verb:set package 'turtlebot3_ppo' build argument 'cmake_clean_cache' from command line to 'False'
[0.141s] Level 5:colcon.colcon_core.verb:set package 'turtlebot3_ppo' build argument 'cmake_clean_first' from command line to 'False'
[0.141s] Level 5:colcon.colcon_core.verb:set package 'turtlebot3_ppo' build argument 'cmake_force_configure' from command line to 'False'
[0.141s] Level 5:colcon.colcon_core.verb:set package 'turtlebot3_ppo' build argument 'ament_cmake_args' from command line to 'None'
[0.141s] Level 5:colcon.colcon_core.verb:set package 'turtlebot3_ppo' build argument 'catkin_cmake_args' from command line to 'None'
[0.141s] Level 5:colcon.colcon_core.verb:set package 'turtlebot3_ppo' build argument 'catkin_skip_building_tests' from command line to 'False'
[0.142s] DEBUG:colcon.colcon_core.verb:Building package 'turtlebot3_ppo' with the following arguments: {'ament_cmake_args': None, 'build_base': '/home/trg/Turtlebot3_ppo_demo/src/build/turtlebot3_ppo', 'catkin_cmake_args': None, 'catkin_skip_building_tests': False, 'cmake_args': None, 'cmake_clean_cache': False, 'cmake_clean_first': False, 'cmake_force_configure': False, 'cmake_target': None, 'cmake_target_skip_unavailable': False, 'install_base': '/home/trg/Turtlebot3_ppo_demo/src/install/turtlebot3_ppo', 'merge_install': False, 'path': '/home/trg/Turtlebot3_ppo_demo/src/turtlebot3_ppo', 'symlink_install': False, 'test_result_base': None}
[0.142s] INFO:colcon.colcon_core.executor:Executing jobs using 'parallel' executor
[0.142s] DEBUG:colcon.colcon_parallel_executor.executor.parallel:run_until_complete
[0.142s] INFO:colcon.colcon_ros.task.ament_python.build:Building ROS package in '/home/trg/Turtlebot3_ppo_demo/src/turtlebot3_ppo' with build type 'ament_python'
[0.142s] Level 1:colcon.colcon_core.shell:create_environment_hook('turtlebot3_ppo', 'ament_prefix_path')
[0.143s] INFO:colcon.colcon_core.plugin_system:Skipping extension 'colcon_core.shell.bat': Not used on non-Windows systems
[0.144s] INFO:colcon.colcon_core.shell:Creating environment hook '/home/trg/Turtlebot3_ppo_demo/src/install/turtlebot3_ppo/share/turtlebot3_ppo/hook/ament_prefix_path.ps1'
[0.144s] INFO:colcon.colcon_core.shell:Creating environment descriptor '/home/trg/Turtlebot3_ppo_demo/src/install/turtlebot3_ppo/share/turtlebot3_ppo/hook/ament_prefix_path.dsv'
[0.144s] INFO:colcon.colcon_core.shell:Creating environment hook '/home/trg/Turtlebot3_ppo_demo/src/install/turtlebot3_ppo/share/turtlebot3_ppo/hook/ament_prefix_path.sh'
[0.145s] INFO:colcon.colcon_core.shell:Skip shell extension 'powershell' for command environment: Not usable outside of PowerShell
[0.145s] DEBUG:colcon.colcon_core.shell:Skip shell extension 'dsv' for command environment
[0.269s] INFO:colcon.colcon_core.task.python.build:Building Python package in '/home/trg/Turtlebot3_ppo_demo/src/turtlebot3_ppo'
[0.269s] INFO:colcon.colcon_core.shell:Skip shell extension 'powershell' for command environment: Not usable outside of PowerShell
[0.269s] DEBUG:colcon.colcon_core.shell:Skip shell extension 'dsv' for command environment
[0.558s] DEBUG:colcon.colcon_core.event_handler.log_command:Invoking command in '/home/trg/Turtlebot3_ppo_demo/src/turtlebot3_ppo': PYTHONPATH=/home/trg/Turtlebot3_ppo_demo/src/build/turtlebot3_ppo/prefix_override:/usr/lib/python3/dist-packages/colcon_core/task/python/colcon_distutils_commands:/home/trg/Turtlebot3_ppo_demo/src/install/turtlebot3_ppo/lib/python3.10/site-packages:${PYTHONPATH} /usr/bin/python3 -W ignore:setup.py install is deprecated -W ignore:easy_install command is deprecated setup.py egg_info --egg-base ../build/turtlebot3_ppo build --build-base /home/trg/Turtlebot3_ppo_demo/src/build/turtlebot3_ppo/build install --record /home/trg/Turtlebot3_ppo_demo/src/build/turtlebot3_ppo/install.log --single-version-externally-managed install_data
[0.827s] DEBUG:colcon.colcon_core.event_handler.log_command:Invoked command in '/home/trg/Turtlebot3_ppo_demo/src/turtlebot3_ppo' returned '0': PYTHONPATH=/home/trg/Turtlebot3_ppo_demo/src/build/turtlebot3_ppo/prefix_override:/usr/lib/python3/dist-packages/colcon_core/task/python/colcon_distutils_commands:/home/trg/Turtlebot3_ppo_demo/src/install/turtlebot3_ppo/lib/python3.10/site-packages:${PYTHONPATH} /usr/bin/python3 -W ignore:setup.py install is deprecated -W ignore:easy_install command is deprecated setup.py egg_info --egg-base ../build/turtlebot3_ppo build --build-base /home/trg/Turtlebot3_ppo_demo/src/build/turtlebot3_ppo/build install --record /home/trg/Turtlebot3_ppo_demo/src/build/turtlebot3_ppo/install.log --single-version-externally-managed install_data
[0.842s] Level 1:colcon.colcon_core.environment:checking '/home/trg/Turtlebot3_ppo_demo/src/install/turtlebot3_ppo' for CMake module files
[0.842s] Level 1:colcon.colcon_core.environment:checking '/home/trg/Turtlebot3_ppo_demo/src/install/turtlebot3_ppo' for CMake config files
[0.842s] Level 1:colcon.colcon_core.environment:checking '/home/trg/Turtlebot3_ppo_demo/src/install/turtlebot3_ppo/lib'
[0.842s] Level 1:colcon.colcon_core.environment:checking '/home/trg/Turtlebot3_ppo_demo/src/install/turtlebot3_ppo/bin'
[0.842s] Level 1:colcon.colcon_core.shell:create_environment_hook('turtlebot3_ppo', 'path')
[0.842s] INFO:colcon.colcon_core.shell:Creating environment hook '/home/trg/Turtlebot3_ppo_demo/src/install/turtlebot3_ppo/share/turtlebot3_ppo/hook/path.ps1'
[0.843s] INFO:colcon.colcon_core.shell:Creating environment descriptor '/home/trg/Turtlebot3_ppo_demo/src/install/turtlebot3_ppo/share/turtlebot3_ppo/hook/path.dsv'
[0.843s] INFO:colcon.colcon_core.shell:Creating environment hook '/home/trg/Turtlebot3_ppo_demo/src/install/turtlebot3_ppo/share/turtlebot3_ppo/hook/path.sh'
[0.843s] Level 1:colcon.colcon_core.environment:checking '/home/trg/Turtlebot3_ppo_demo/src/install/turtlebot3_ppo/lib/pkgconfig/turtlebot3_ppo.pc'
[0.843s] Level 1:colcon.colcon_core.environment:checking '/home/trg/Turtlebot3_ppo_demo/src/install/turtlebot3_ppo/lib/python3.10/site-packages'
[0.843s] Level 1:colcon.colcon_core.shell:create_environment_hook('turtlebot3_ppo', 'pythonpath')
[0.843s] INFO:colcon.colcon_core.shell:Creating environment hook '/home/trg/Turtlebot3_ppo_demo/src/install/turtlebot3_ppo/share/turtlebot3_ppo/hook/pythonpath.ps1'
[0.844s] INFO:colcon.colcon_core.shell:Creating environment descriptor '/home/trg/Turtlebot3_ppo_demo/src/install/turtlebot3_ppo/share/turtlebot3_ppo/hook/pythonpath.dsv'
[0.844s] INFO:colcon.colcon_core.shell:Creating environment hook '/home/trg/Turtlebot3_ppo_demo/src/install/turtlebot3_ppo/share/turtlebot3_ppo/hook/pythonpath.sh'
[0.844s] Level 1:colcon.colcon_core.environment:checking '/home/trg/Turtlebot3_ppo_demo/src/install/turtlebot3_ppo/bin'
[0.844s] Level 1:colcon.colcon_core.shell:create_environment_hook('turtlebot3_ppo', 'pythonscriptspath')
[0.844s] INFO:colcon.colcon_core.shell:Creating environment hook '/home/trg/Turtlebot3_ppo_demo/src/install/turtlebot3_ppo/share/turtlebot3_ppo/hook/pythonscriptspath.ps1'
[0.844s] INFO:colcon.colcon_core.shell:Creating environment descriptor '/home/trg/Turtlebot3_ppo_demo/src/install/turtlebot3_ppo/share/turtlebot3_ppo/hook/pythonscriptspath.dsv'
[0.845s] INFO:colcon.colcon_core.shell:Creating environment hook '/home/trg/Turtlebot3_ppo_demo/src/install/turtlebot3_ppo/share/turtlebot3_ppo/hook/pythonscriptspath.sh'
[0.845s] Level 1:colcon.colcon_core.environment:create_environment_scripts_only(turtlebot3_ppo)
[0.845s] INFO:colcon.colcon_core.shell:Creating package script '/home/trg/Turtlebot3_ppo_demo/src/install/turtlebot3_ppo/share/turtlebot3_ppo/package.ps1'
[0.846s] INFO:colcon.colcon_core.shell:Creating package descriptor '/home/trg/Turtlebot3_ppo_demo/src/install/turtlebot3_ppo/share/turtlebot3_ppo/package.dsv'
[0.846s] INFO:colcon.colcon_core.shell:Creating package script '/home/trg/Turtlebot3_ppo_demo/src/install/turtlebot3_ppo/share/turtlebot3_ppo/package.sh'
[0.847s] INFO:colcon.colcon_core.shell:Creating package script '/home/trg/Turtlebot3_ppo_demo/src/install/turtlebot3_ppo/share/turtlebot3_ppo/package.bash'
[0.848s] INFO:colcon.colcon_core.shell:Creating package script '/home/trg/Turtlebot3_ppo_demo/src/install/turtlebot3_ppo/share/turtlebot3_ppo/package.zsh'
[0.849s] Level 1:colcon.colcon_core.environment:create_file_with_runtime_dependencies(/home/trg/Turtlebot3_ppo_demo/src/install/turtlebot3_ppo/share/colcon-core/packages/turtlebot3_ppo)
[0.849s] DEBUG:colcon.colcon_parallel_executor.executor.parallel:closing loop
[0.849s] DEBUG:colcon.colcon_parallel_executor.executor.parallel:loop closed
[0.849s] DEBUG:colcon.colcon_parallel_executor.executor.parallel:run_until_complete finished with '0'
[0.849s] DEBUG:colcon.colcon_core.event_reactor:joining thread
[0.855s] INFO:colcon.colcon_core.plugin_system:Skipping extension 'colcon_notification.desktop_notification.terminal_notifier': Not used on non-Darwin systems
[0.855s] INFO:colcon.colcon_core.plugin_system:Skipping extension 'colcon_notification.desktop_notification.win32': Not used on non-Windows systems
[0.855s] INFO:colcon.colcon_notification.desktop_notification:Sending desktop notification using 'notify2'
[0.865s] DEBUG:colcon.colcon_core.event_reactor:joined thread
[0.865s] INFO:colcon.colcon_core.shell:Creating prefix script '/home/trg/Turtlebot3_ppo_demo/src/install/local_setup.ps1'
[0.866s] INFO:colcon.colcon_core.shell:Creating prefix util module '/home/trg/Turtlebot3_ppo_demo/src/install/_local_setup_util_ps1.py'
[0.866s] INFO:colcon.colcon_core.shell:Creating prefix chain script '/home/trg/Turtlebot3_ppo_demo/src/install/setup.ps1'
[0.868s] INFO:colcon.colcon_core.shell:Creating prefix script '/home/trg/Turtlebot3_ppo_demo/src/install/local_setup.sh'
[0.869s] INFO:colcon.colcon_core.shell:Creating prefix util module '/home/trg/Turtlebot3_ppo_demo/src/install/_local_setup_util_sh.py'
[0.870s] INFO:colcon.colcon_core.shell:Creating prefix chain script '/home/trg/Turtlebot3_ppo_demo/src/install/setup.sh'
[0.871s] INFO:colcon.colcon_core.shell:Creating prefix script '/home/trg/Turtlebot3_ppo_demo/src/install/local_setup.bash'
[0.872s] INFO:colcon.colcon_core.shell:Creating prefix chain script '/home/trg/Turtlebot3_ppo_demo/src/install/setup.bash'
[0.872s] INFO:colcon.colcon_core.shell:Creating prefix script '/home/trg/Turtlebot3_ppo_demo/src/install/local_setup.zsh'
[0.873s] INFO:colcon.colcon_core.shell:Creating prefix chain script '/home/trg/Turtlebot3_ppo_demo/src/install/setup.zsh'
